<?xml version="1.0" encoding="UTF-8"?>
<testsuite xmlns:xsi="http://www.w3.org/2001/XMLSchema-instance" xsi:noNamespaceSchemaLocation="https://maven.apache.org/surefire/maven-surefire-plugin/xsd/surefire-test-report.xsd" name="com.umpay.autotest.DemoApplicationTests" time="6.619" tests="1" errors="0" skipped="0" failures="0">
  <properties>
    <property name="sun.desktop" value="windows"/>
    <property name="awt.toolkit" value="sun.awt.windows.WToolkit"/>
    <property name="file.encoding.pkg" value="sun.io"/>
    <property name="java.specification.version" value="1.8"/>
    <property name="sun.cpu.isalist" value="amd64"/>
    <property name="sun.jnu.encoding" value="GBK"/>
    <property name="java.class.path" value="E:\ThomasGit\demo\target\test-classes;E:\ThomasGit\demo\target\classes;D:\CI\LocalRepository\repository\org\testng\testng\6.13.1\testng-6.13.1.jar;D:\CI\LocalRepository\repository\com\beust\jcommander\1.72\jcommander-1.72.jar;D:\CI\LocalRepository\repository\org\springframework\boot\spring-boot-starter-data-mongodb\2.0.0.M7\spring-boot-starter-data-mongodb-2.0.0.M7.jar;D:\CI\LocalRepository\repository\org\springframework\boot\spring-boot-starter\2.0.0.M7\spring-boot-starter-2.0.0.M7.jar;D:\CI\LocalRepository\repository\org\springframework\boot\spring-boot\2.0.0.M7\spring-boot-2.0.0.M7.jar;D:\CI\LocalRepository\repository\org\springframework\boot\spring-boot-autoconfigure\2.0.0.M7\spring-boot-autoconfigure-2.0.0.M7.jar;D:\CI\LocalRepository\repository\org\springframework\boot\spring-boot-starter-logging\2.0.0.M7\spring-boot-starter-logging-2.0.0.M7.jar;D:\CI\LocalRepository\repository\ch\qos\logback\logback-classic\1.2.3\logback-classic-1.2.3.jar;D:\CI\LocalRepository\repository\ch\qos\logback\logback-core\1.2.3\logback-core-1.2.3.jar;D:\CI\LocalRepository\repository\org\apache\logging\log4j\log4j-to-slf4j\2.10.0\log4j-to-slf4j-2.10.0.jar;D:\CI\LocalRepository\repository\org\apache\logging\log4j\log4j-api\2.10.0\log4j-api-2.10.0.jar;D:\CI\LocalRepository\repository\org\slf4j\jul-to-slf4j\1.7.25\jul-to-slf4j-1.7.25.jar;D:\CI\LocalRepository\repository\javax\annotation\javax.annotation-api\1.3.1\javax.annotation-api-1.3.1.jar;D:\CI\LocalRepository\repository\org\yaml\snakeyaml\1.19\snakeyaml-1.19.jar;D:\CI\LocalRepository\repository\org\mongodb\mongodb-driver\3.5.0\mongodb-driver-3.5.0.jar;D:\CI\LocalRepository\repository\org\mongodb\bson\3.5.0\bson-3.5.0.jar;D:\CI\LocalRepository\repository\org\mongodb\mongodb-driver-core\3.5.0\mongodb-driver-core-3.5.0.jar;D:\CI\LocalRepository\repository\org\springframework\data\spring-data-mongodb\2.0.2.RELEASE\spring-data-mongodb-2.0.2.RELEASE.jar;D:\CI\LocalRepository\repository\org\springframework\spring-tx\5.0.2.RELEASE\spring-tx-5.0.2.RELEASE.jar;D:\CI\LocalRepository\repository\org\springframework\spring-beans\5.0.2.RELEASE\spring-beans-5.0.2.RELEASE.jar;D:\CI\LocalRepository\repository\org\springframework\spring-expression\5.0.2.RELEASE\spring-expression-5.0.2.RELEASE.jar;D:\CI\LocalRepository\repository\org\springframework\data\spring-data-commons\2.0.2.RELEASE\spring-data-commons-2.0.2.RELEASE.jar;D:\CI\LocalRepository\repository\org\slf4j\slf4j-api\1.7.25\slf4j-api-1.7.25.jar;D:\CI\LocalRepository\repository\org\springframework\boot\spring-boot-starter-mail\2.0.0.M7\spring-boot-starter-mail-2.0.0.M7.jar;D:\CI\LocalRepository\repository\org\springframework\spring-context\5.0.2.RELEASE\spring-context-5.0.2.RELEASE.jar;D:\CI\LocalRepository\repository\org\springframework\spring-aop\5.0.2.RELEASE\spring-aop-5.0.2.RELEASE.jar;D:\CI\LocalRepository\repository\org\springframework\spring-context-support\5.0.2.RELEASE\spring-context-support-5.0.2.RELEASE.jar;D:\CI\LocalRepository\repository\com\sun\mail\javax.mail\1.6.0\javax.mail-1.6.0.jar;D:\CI\LocalRepository\repository\javax\activation\activation\1.1\activation-1.1.jar;D:\CI\LocalRepository\repository\org\springframework\boot\spring-boot-starter-test\2.0.0.M7\spring-boot-starter-test-2.0.0.M7.jar;D:\CI\LocalRepository\repository\org\springframework\boot\spring-boot-test\2.0.0.M7\spring-boot-test-2.0.0.M7.jar;D:\CI\LocalRepository\repository\org\springframework\boot\spring-boot-test-autoconfigure\2.0.0.M7\spring-boot-test-autoconfigure-2.0.0.M7.jar;D:\CI\LocalRepository\repository\com\jayway\jsonpath\json-path\2.4.0\json-path-2.4.0.jar;D:\CI\LocalRepository\repository\net\minidev\json-smart\2.3\json-smart-2.3.jar;D:\CI\LocalRepository\repository\net\minidev\accessors-smart\1.2\accessors-smart-1.2.jar;D:\CI\LocalRepository\repository\org\ow2\asm\asm\5.0.4\asm-5.0.4.jar;D:\CI\LocalRepository\repository\junit\junit\4.12\junit-4.12.jar;D:\CI\LocalRepository\repository\org\assertj\assertj-core\3.8.0\assertj-core-3.8.0.jar;D:\CI\LocalRepository\repository\org\mockito\mockito-core\2.12.0\mockito-core-2.12.0.jar;D:\CI\LocalRepository\repository\net\bytebuddy\byte-buddy\1.7.9\byte-buddy-1.7.9.jar;D:\CI\LocalRepository\repository\net\bytebuddy\byte-buddy-agent\1.7.9\byte-buddy-agent-1.7.9.jar;D:\CI\LocalRepository\repository\org\objenesis\objenesis\2.6\objenesis-2.6.jar;D:\CI\LocalRepository\repository\org\hamcrest\hamcrest-core\1.3\hamcrest-core-1.3.jar;D:\CI\LocalRepository\repository\org\hamcrest\hamcrest-library\1.3\hamcrest-library-1.3.jar;D:\CI\LocalRepository\repository\org\skyscreamer\jsonassert\1.5.0\jsonassert-1.5.0.jar;D:\CI\LocalRepository\repository\com\vaadin\external\google\android-json\0.0.20131108.vaadin1\android-json-0.0.20131108.vaadin1.jar;D:\CI\LocalRepository\repository\org\springframework\spring-core\5.0.2.RELEASE\spring-core-5.0.2.RELEASE.jar;D:\CI\LocalRepository\repository\org\springframework\spring-jcl\5.0.2.RELEASE\spring-jcl-5.0.2.RELEASE.jar;D:\CI\LocalRepository\repository\org\springframework\spring-test\5.0.2.RELEASE\spring-test-5.0.2.RELEASE.jar;D:\CI\LocalRepository\repository\org\xmlunit\xmlunit-core\2.5.1\xmlunit-core-2.5.1.jar;D:\CI\LocalRepository\repository\org\springframework\restdocs\spring-restdocs-mockmvc\2.0.0.RELEASE\spring-restdocs-mockmvc-2.0.0.RELEASE.jar;D:\CI\LocalRepository\repository\javax\servlet\javax.servlet-api\3.1.0\javax.servlet-api-3.1.0.jar;D:\CI\LocalRepository\repository\org\springframework\restdocs\spring-restdocs-core\2.0.0.RELEASE\spring-restdocs-core-2.0.0.RELEASE.jar;D:\CI\LocalRepository\repository\com\fasterxml\jackson\core\jackson-databind\2.9.2\jackson-databind-2.9.2.jar;D:\CI\LocalRepository\repository\com\fasterxml\jackson\core\jackson-annotations\2.9.0\jackson-annotations-2.9.0.jar;D:\CI\LocalRepository\repository\com\fasterxml\jackson\core\jackson-core\2.9.2\jackson-core-2.9.2.jar;D:\CI\LocalRepository\repository\org\springframework\spring-web\5.0.2.RELEASE\spring-web-5.0.2.RELEASE.jar;D:\CI\LocalRepository\repository\org\springframework\spring-webmvc\5.0.2.RELEASE\spring-webmvc-5.0.2.RELEASE.jar;D:\CI\LocalRepository\repository\org\apache\maven\surefire\surefire-testng-utils\2.20.1\surefire-testng-utils-2.20.1.jar;D:\CI\LocalRepository\repository\org\apache\maven\surefire\surefire-grouper\2.20.1\surefire-grouper-2.20.1.jar;"/>
    <property name="java.vm.vendor" value="Oracle Corporation"/>
    <property name="sun.arch.data.model" value="64"/>
    <property name="user.variant" value=""/>
    <property name="java.vendor.url" value="http://java.oracle.com/"/>
    <property name="user.timezone" value="Asia/Shanghai"/>
    <property name="java.vm.specification.version" value="1.8"/>
    <property name="os.name" value="Windows 7"/>
    <property name="user.country" value="CN"/>
    <property name="sun.java.launcher" value="SUN_STANDARD"/>
    <property name="sun.boot.library.path" value="D:\Program Files\Java\jdk1.8.0_25\jre\bin"/>
    <property name="sun.java.command" value="C:\Users\admin\AppData\Local\Temp\surefire707892026194419983\surefirebooter5638597647243198891.jar C:\Users\admin\AppData\Local\Temp\surefire707892026194419983 2018-01-11T20-51-36_893-jvmRun1 surefire4169456439147261653tmp surefire_06531431628421722326tmp"/>
    <property name="surefire.test.class.path" value="E:\ThomasGit\demo\target\test-classes;E:\ThomasGit\demo\target\classes;D:\CI\LocalRepository\repository\org\testng\testng\6.13.1\testng-6.13.1.jar;D:\CI\LocalRepository\repository\com\beust\jcommander\1.72\jcommander-1.72.jar;D:\CI\LocalRepository\repository\org\springframework\boot\spring-boot-starter-data-mongodb\2.0.0.M7\spring-boot-starter-data-mongodb-2.0.0.M7.jar;D:\CI\LocalRepository\repository\org\springframework\boot\spring-boot-starter\2.0.0.M7\spring-boot-starter-2.0.0.M7.jar;D:\CI\LocalRepository\repository\org\springframework\boot\spring-boot\2.0.0.M7\spring-boot-2.0.0.M7.jar;D:\CI\LocalRepository\repository\org\springframework\boot\spring-boot-autoconfigure\2.0.0.M7\spring-boot-autoconfigure-2.0.0.M7.jar;D:\CI\LocalRepository\repository\org\springframework\boot\spring-boot-starter-logging\2.0.0.M7\spring-boot-starter-logging-2.0.0.M7.jar;D:\CI\LocalRepository\repository\ch\qos\logback\logback-classic\1.2.3\logback-classic-1.2.3.jar;D:\CI\LocalRepository\repository\ch\qos\logback\logback-core\1.2.3\logback-core-1.2.3.jar;D:\CI\LocalRepository\repository\org\apache\logging\log4j\log4j-to-slf4j\2.10.0\log4j-to-slf4j-2.10.0.jar;D:\CI\LocalRepository\repository\org\apache\logging\log4j\log4j-api\2.10.0\log4j-api-2.10.0.jar;D:\CI\LocalRepository\repository\org\slf4j\jul-to-slf4j\1.7.25\jul-to-slf4j-1.7.25.jar;D:\CI\LocalRepository\repository\javax\annotation\javax.annotation-api\1.3.1\javax.annotation-api-1.3.1.jar;D:\CI\LocalRepository\repository\org\yaml\snakeyaml\1.19\snakeyaml-1.19.jar;D:\CI\LocalRepository\repository\org\mongodb\mongodb-driver\3.5.0\mongodb-driver-3.5.0.jar;D:\CI\LocalRepository\repository\org\mongodb\bson\3.5.0\bson-3.5.0.jar;D:\CI\LocalRepository\repository\org\mongodb\mongodb-driver-core\3.5.0\mongodb-driver-core-3.5.0.jar;D:\CI\LocalRepository\repository\org\springframework\data\spring-data-mongodb\2.0.2.RELEASE\spring-data-mongodb-2.0.2.RELEASE.jar;D:\CI\LocalRepository\repository\org\springframework\spring-tx\5.0.2.RELEASE\spring-tx-5.0.2.RELEASE.jar;D:\CI\LocalRepository\repository\org\springframework\spring-beans\5.0.2.RELEASE\spring-beans-5.0.2.RELEASE.jar;D:\CI\LocalRepository\repository\org\springframework\spring-expression\5.0.2.RELEASE\spring-expression-5.0.2.RELEASE.jar;D:\CI\LocalRepository\repository\org\springframework\data\spring-data-commons\2.0.2.RELEASE\spring-data-commons-2.0.2.RELEASE.jar;D:\CI\LocalRepository\repository\org\slf4j\slf4j-api\1.7.25\slf4j-api-1.7.25.jar;D:\CI\LocalRepository\repository\org\springframework\boot\spring-boot-starter-mail\2.0.0.M7\spring-boot-starter-mail-2.0.0.M7.jar;D:\CI\LocalRepository\repository\org\springframework\spring-context\5.0.2.RELEASE\spring-context-5.0.2.RELEASE.jar;D:\CI\LocalRepository\repository\org\springframework\spring-aop\5.0.2.RELEASE\spring-aop-5.0.2.RELEASE.jar;D:\CI\LocalRepository\repository\org\springframework\spring-context-support\5.0.2.RELEASE\spring-context-support-5.0.2.RELEASE.jar;D:\CI\LocalRepository\repository\com\sun\mail\javax.mail\1.6.0\javax.mail-1.6.0.jar;D:\CI\LocalRepository\repository\javax\activation\activation\1.1\activation-1.1.jar;D:\CI\LocalRepository\repository\org\springframework\boot\spring-boot-starter-test\2.0.0.M7\spring-boot-starter-test-2.0.0.M7.jar;D:\CI\LocalRepository\repository\org\springframework\boot\spring-boot-test\2.0.0.M7\spring-boot-test-2.0.0.M7.jar;D:\CI\LocalRepository\repository\org\springframework\boot\spring-boot-test-autoconfigure\2.0.0.M7\spring-boot-test-autoconfigure-2.0.0.M7.jar;D:\CI\LocalRepository\repository\com\jayway\jsonpath\json-path\2.4.0\json-path-2.4.0.jar;D:\CI\LocalRepository\repository\net\minidev\json-smart\2.3\json-smart-2.3.jar;D:\CI\LocalRepository\repository\net\minidev\accessors-smart\1.2\accessors-smart-1.2.jar;D:\CI\LocalRepository\repository\org\ow2\asm\asm\5.0.4\asm-5.0.4.jar;D:\CI\LocalRepository\repository\junit\junit\4.12\junit-4.12.jar;D:\CI\LocalRepository\repository\org\assertj\assertj-core\3.8.0\assertj-core-3.8.0.jar;D:\CI\LocalRepository\repository\org\mockito\mockito-core\2.12.0\mockito-core-2.12.0.jar;D:\CI\LocalRepository\repository\net\bytebuddy\byte-buddy\1.7.9\byte-buddy-1.7.9.jar;D:\CI\LocalRepository\repository\net\bytebuddy\byte-buddy-agent\1.7.9\byte-buddy-agent-1.7.9.jar;D:\CI\LocalRepository\repository\org\objenesis\objenesis\2.6\objenesis-2.6.jar;D:\CI\LocalRepository\repository\org\hamcrest\hamcrest-core\1.3\hamcrest-core-1.3.jar;D:\CI\LocalRepository\repository\org\hamcrest\hamcrest-library\1.3\hamcrest-library-1.3.jar;D:\CI\LocalRepository\repository\org\skyscreamer\jsonassert\1.5.0\jsonassert-1.5.0.jar;D:\CI\LocalRepository\repository\com\vaadin\external\google\android-json\0.0.20131108.vaadin1\android-json-0.0.20131108.vaadin1.jar;D:\CI\LocalRepository\repository\org\springframework\spring-core\5.0.2.RELEASE\spring-core-5.0.2.RELEASE.jar;D:\CI\LocalRepository\repository\org\springframework\spring-jcl\5.0.2.RELEASE\spring-jcl-5.0.2.RELEASE.jar;D:\CI\LocalRepository\repository\org\springframework\spring-test\5.0.2.RELEASE\spring-test-5.0.2.RELEASE.jar;D:\CI\LocalRepository\repository\org\xmlunit\xmlunit-core\2.5.1\xmlunit-core-2.5.1.jar;D:\CI\LocalRepository\repository\org\springframework\restdocs\spring-restdocs-mockmvc\2.0.0.RELEASE\spring-restdocs-mockmvc-2.0.0.RELEASE.jar;D:\CI\LocalRepository\repository\javax\servlet\javax.servlet-api\3.1.0\javax.servlet-api-3.1.0.jar;D:\CI\LocalRepository\repository\org\springframework\restdocs\spring-restdocs-core\2.0.0.RELEASE\spring-restdocs-core-2.0.0.RELEASE.jar;D:\CI\LocalRepository\repository\com\fasterxml\jackson\core\jackson-databind\2.9.2\jackson-databind-2.9.2.jar;D:\CI\LocalRepository\repository\com\fasterxml\jackson\core\jackson-annotations\2.9.0\jackson-annotations-2.9.0.jar;D:\CI\LocalRepository\repository\com\fasterxml\jackson\core\jackson-core\2.9.2\jackson-core-2.9.2.jar;D:\CI\LocalRepository\repository\org\springframework\spring-web\5.0.2.RELEASE\spring-web-5.0.2.RELEASE.jar;D:\CI\LocalRepository\repository\org\springframework\spring-webmvc\5.0.2.RELEASE\spring-webmvc-5.0.2.RELEASE.jar;D:\CI\LocalRepository\repository\org\apache\maven\surefire\surefire-testng-utils\2.20.1\surefire-testng-utils-2.20.1.jar;D:\CI\LocalRepository\repository\org\apache\maven\surefire\surefire-grouper\2.20.1\surefire-grouper-2.20.1.jar;"/>
    <property name="sun.cpu.endian" value="little"/>
    <property name="user.home" value="C:\Users\admin"/>
    <property name="user.language" value="zh"/>
    <property name="java.specification.vendor" value="Oracle Corporation"/>
    <property name="java.home" value="D:\Program Files\Java\jdk1.8.0_25\jre"/>
    <property name="basedir" value="E:\ThomasGit\demo"/>
    <property name="file.separator" value="\"/>
    <property name="line.separator" value="&#10;"/>
    <property name="java.vm.specification.vendor" value="Oracle Corporation"/>
    <property name="java.specification.name" value="Java Platform API Specification"/>
    <property name="java.awt.graphicsenv" value="sun.awt.Win32GraphicsEnvironment"/>
    <property name="surefire.real.class.path" value="C:\Users\admin\AppData\Local\Temp\surefire707892026194419983\surefirebooter5638597647243198891.jar"/>
    <property name="sun.boot.class.path" value="D:\Program Files\Java\jdk1.8.0_25\jre\lib\resources.jar;D:\Program Files\Java\jdk1.8.0_25\jre\lib\rt.jar;D:\Program Files\Java\jdk1.8.0_25\jre\lib\sunrsasign.jar;D:\Program Files\Java\jdk1.8.0_25\jre\lib\jsse.jar;D:\Program Files\Java\jdk1.8.0_25\jre\lib\jce.jar;D:\Program Files\Java\jdk1.8.0_25\jre\lib\charsets.jar;D:\Program Files\Java\jdk1.8.0_25\jre\lib\jfr.jar;D:\Program Files\Java\jdk1.8.0_25\jre\classes"/>
    <property name="user.script" value=""/>
    <property name="sun.management.compiler" value="HotSpot 64-Bit Tiered Compilers"/>
    <property name="java.runtime.version" value="1.8.0_25-b18"/>
    <property name="user.name" value="admin"/>
    <property name="path.separator" value=";"/>
    <property name="os.version" value="6.1"/>
    <property name="java.endorsed.dirs" value="D:\Program Files\Java\jdk1.8.0_25\jre\lib\endorsed"/>
    <property name="java.runtime.name" value="Java(TM) SE Runtime Environment"/>
    <property name="file.encoding" value="GBK"/>
    <property name="java.vm.name" value="Java HotSpot(TM) 64-Bit Server VM"/>
    <property name="localRepository" value="D:\CI\LocalRepository\repository"/>
    <property name="java.vendor.url.bug" value="http://bugreport.sun.com/bugreport/"/>
    <property name="java.io.tmpdir" value="C:\Users\admin\AppData\Local\Temp\"/>
    <property name="java.version" value="1.8.0_25"/>
    <property name="user.dir" value="E:\ThomasGit\demo"/>
    <property name="os.arch" value="amd64"/>
    <property name="java.vm.specification.name" value="Java Virtual Machine Specification"/>
    <property name="java.awt.printerjob" value="sun.awt.windows.WPrinterJob"/>
    <property name="sun.os.patch.level" value="Service Pack 1"/>
    <property name="java.library.path" value="D:\Program Files\Java\jdk1.8.0_25\jre\bin;C:\Windows\Sun\Java\bin;C:\Windows\system32;C:\Windows;D:/Program Files/Java/jdk1.8.0_25/bin/../jre/bin/server;D:/Program Files/Java/jdk1.8.0_25/bin/../jre/bin;D:/Program Files/Java/jdk1.8.0_25/bin/../jre/lib/amd64;D:\Python36-32\Scripts\;D:\Python36-32\;C:\Program Files\Microsoft MPI\Bin\;C:\Perl64\site\bin;C:\Perl64\bin;D:\Program Files\Java\jdk1.8.0_25\bin;C:\ProgramData\Oracle\Java\javapath;C:\Windows\system32;C:\Windows;C:\Windows\System32\Wbem;C:\Windows\System32\WindowsPowerShell\v1.0\;C:\Program Files\Intel\WiFi\bin\;C:\Program Files\Common Files\Intel\WirelessCommon\;C:\Program Files (x86)\Bitvise SSH Client;D:\quickstart\.;D:\Ruby23-x64\bin;D:\CI\apache-maven-3.1.0-alpha-1\bin;d:\Program Files\Git\cmd;d:\Program Files\Git\bin;C:\Program Files\Perforce;C:\Program Files\dotnet\;C:\OpenSSL-Win64\bin;D:\php718;C:\Program Files\Microsoft SQL Server\130\Tools\Binn\;C:\Program Files (x86)\GtkSharp\2.12\bin;d:\Program Files (x86)\Heroku\bin;D:\Program Files\nodejs\;d:\Ruby24-x64\bin;D:\Develop\nodejs\node_global;d:\Ruby23-x64\bin;C:\Program Files\Intel\WiFi\bin\;C:\Program Files\Common Files\Intel\WirelessCommon\;d:\Program Files (x86)\Microsoft VS Code\bin;d:\Program Files\Heroku\bin;C:\Program Files (x86)\Heroku\bin;C:\Users\admin\AppData\Roaming\npm;e:\Program Files\Docker Toolbox;D:\Program Files\eclipse-jee-oxygen-R-win32-x86_64;;."/>
    <property name="java.vm.info" value="mixed mode"/>
    <property name="java.vendor" value="Oracle Corporation"/>
    <property name="java.vm.version" value="25.25-b02"/>
    <property name="java.ext.dirs" value="D:\Program Files\Java\jdk1.8.0_25\jre\lib\ext;C:\Windows\Sun\Java\lib\ext"/>
    <property name="sun.io.unicode.encoding" value="UnicodeLittle"/>
    <property name="java.class.version" value="52.0"/>
  </properties>
  <testcase name="contextLoads on contextLoads(com.umpay.autotest.DemoApplicationTests)" classname="com.umpay.autotest.DemoApplicationTests" time="0.123"/>
</testsuite>