<?xml version="1.0" encoding="UTF-8"?>
<!-- Generated by org.testng.reporters.JUnitReportReporter -->
<testsuite skipped="0" hostname="zhangming-K2180" name="com.umpay.autotest.DemoApplicationTests" tests="1" failures="0" timestamp="11 一月 2018 12:51:44 GMT" time="5.074" errors="0">
  <testcase name="contextLoads" time="5.074" classname="com.umpay.autotest.DemoApplicationTests"/>
</testsuite> <!-- com.umpay.autotest.DemoApplicationTests -->
